[INFO ] 2018-05-06 23:02:34.846 [main] Database - SET FOREIGN_KEY_CHECKS = 0;
[INFO ] 2018-05-06 23:02:34.971 [main] Database - DELETE FROM test_basketball.center;
[INFO ] 2018-05-06 23:02:35.086 [main] Database - DELETE FROM test_basketball.point_guard;
[INFO ] 2018-05-06 23:02:35.186 [main] Database - DELETE FROM test_basketball.power_forward;
[INFO ] 2018-05-06 23:02:35.275 [main] Database - DELETE FROM test_basketball.small_forward;
[INFO ] 2018-05-06 23:02:35.411 [main] Database - DELETE FROM test_basketball.shooting_guard;
[INFO ] 2018-05-06 23:02:35.627 [main] Database - DELETE FROM test_basketball.user_team;
[INFO ] 2018-05-06 23:02:35.719 [main] Database - DELETE FROM test_basketball.user_roles;
[INFO ] 2018-05-06 23:02:35.835 [main] Database - DELETE FROM test_basketball.users;
[INFO ] 2018-05-06 23:02:35.835 [main] Database - USE test_basketball;
[INFO ] 2018-05-06 23:02:35.835 [main] Database - LOCK TABLES `shooting_guard` WRITE;
[INFO ] 2018-05-06 23:02:35.843 [main] Database - ALTER TABLE `shooting_guard` DISABLE KEYS;
[INFO ] 2018-05-06 23:02:35.935 [main] Database - INSERT INTO `shooting_guard` VALUES(1,'James','Harden',2356,907,659,121,38,464),(2,'DeMar','DeRozan',2020,290,386,78,13,180);
[INFO ] 2018-05-06 23:02:35.935 [main] Database - ALTER TABLE `shooting_guard` ENABLE KEYS;
[INFO ] 2018-05-06 23:02:35.987 [main] Database - UNLOCK TABLES;
[INFO ] 2018-05-06 23:02:35.987 [main] Database - LOCK TABLES `point_guard` WRITE;
[INFO ] 2018-05-06 23:02:35.987 [main] Database - ALTER TABLE `point_guard` DISABLE KEYS;
[INFO ] 2018-05-06 23:02:36.036 [main] Database - INSERT INTO `point_guard` VALUES (1,'Russel','Westbrook',2558,840,864,132,31,438),(2,'Stephen','Curry',1999,524,353,142,17,239);
[INFO ] 2018-05-06 23:02:36.036 [main] Database - ALTER TABLE `point_guard` ENABLE KEYS;
[INFO ] 2018-05-06 23:02:36.036 [main] Database - UNLOCK TABLES;
[INFO ] 2018-05-06 23:02:36.036 [main] Database - LOCK TABLES `small_forward` WRITE;
[INFO ] 2018-05-06 23:02:36.036 [main] Database - ALTER TABLE `small_forward` DISABLE KEYS;
[INFO ] 2018-05-06 23:02:36.135 [main] Database - INSERT INTO `small_forward` VALUES (1,'Lebron','James',1954,646,639,92,44,303),(2,'Kawhi','Leonard',1376,260,430,133,55,154);
[INFO ] 2018-05-06 23:02:36.135 [main] Database - ALTER TABLE `small_forward` ENABLE KEYS;
[INFO ] 2018-05-06 23:02:36.135 [main] Database - UNLOCK TABLES;
[INFO ] 2018-05-06 23:02:36.135 [main] Database - LOCK TABLES `power_forward` WRITE;
[INFO ] 2018-05-06 23:02:36.135 [main] Database - ALTER TABLE `power_forward` DISABLE KEYS;
[INFO ] 2018-05-06 23:02:36.195 [main] Database - INSERT INTO `power_forward` VALUES (1,'Anthony','Davis',2099,157,884,94,167,181);
[INFO ] 2018-05-06 23:02:36.195 [main] Database - ALTER TABLE `power_forward` ENABLE KEYS;
[INFO ] 2018-05-06 23:02:36.195 [main] Database - UNLOCK TABLES;
[INFO ] 2018-05-06 23:02:36.195 [main] Database - LOCK TABLES `center` WRITE;
[INFO ] 2018-05-06 23:02:36.195 [main] Database - ALTER TABLE `center` DISABLE KEYS;
[INFO ] 2018-05-06 23:02:36.244 [main] Database - INSERT INTO `center` VALUES (1,'Karl','Anthony Towns',805,220,1007,56,103,212);
[INFO ] 2018-05-06 23:02:36.244 [main] Database - ALTER TABLE `center` ENABLE KEYS;
[INFO ] 2018-05-06 23:02:36.244 [main] Database - UNLOCK TABLES;
[INFO ] 2018-05-06 23:02:36.244 [main] Database - LOCK TABLES `user_roles` WRITE;
[INFO ] 2018-05-06 23:02:36.244 [main] Database - ALTER TABLE `user_roles` DISABLE KEYS;
[INFO ] 2018-05-06 23:02:36.273 [main] Database - INSERT INTO `user_roles` VALUES (1,'administrator', 1, 'admin'),(2,'administrator', 2, 'admin2'),(3,'user', 3, 'User');
[INFO ] 2018-05-06 23:02:36.273 [main] Database - ALTER TABLE `user_roles` ENABLE KEYS;
[INFO ] 2018-05-06 23:02:36.274 [main] Database - UNLOCK TABLES;
[INFO ] 2018-05-06 23:02:36.274 [main] Database - LOCK TABLES `user_team` WRITE;
[INFO ] 2018-05-06 23:02:36.274 [main] Database - ALTER TABLE `user_team` DISABLE KEYS;
[INFO ] 2018-05-06 23:02:36.312 [main] Database - INSERT INTO `user_team` VALUES (1,'Team One',1,1,1,1,1,1);
[INFO ] 2018-05-06 23:02:36.312 [main] Database - ALTER TABLE `user_team` ENABLE KEYS;
[INFO ] 2018-05-06 23:02:36.379 [main] Database - UNLOCK TABLES;
[INFO ] 2018-05-06 23:02:36.379 [main] Database - LOCK TABLES `users` WRITE;
[INFO ] 2018-05-06 23:02:36.379 [main] Database - ALTER TABLE `users` DISABLE KEYS;
[INFO ] 2018-05-06 23:02:36.428 [main] Database - INSERT INTO `users` VALUES (1,'admin','admin','John','Smith','smith@john.com'), (2,'admin2','admin2','Tim','Jim','Jim@Tim.com'),(3,'User','User','Beth','Seth','seth@beth.com');
[INFO ] 2018-05-06 23:02:36.428 [main] Database - ALTER TABLE `users` ENABLE KEYS;
[INFO ] 2018-05-06 23:02:36.428 [main] Database - UNLOCK TABLES;
[INFO ] 2018-05-06 23:02:36.428 [main] Database - SET FOREIGN_KEY_CHECKS = 1;
[INFO ] 2018-05-06 23:02:39.021 [main] UserDAOTest - Smith
[INFO ] 2018-05-06 23:02:39.029 [main] Database - SET FOREIGN_KEY_CHECKS = 0;
[INFO ] 2018-05-06 23:02:39.995 [main] Database - DELETE FROM test_basketball.center;
[INFO ] 2018-05-06 23:02:40.109 [main] Database - DELETE FROM test_basketball.point_guard;
[INFO ] 2018-05-06 23:02:40.147 [main] Database - DELETE FROM test_basketball.power_forward;
[INFO ] 2018-05-06 23:02:40.171 [main] Database - DELETE FROM test_basketball.small_forward;
[INFO ] 2018-05-06 23:02:40.215 [main] Database - DELETE FROM test_basketball.shooting_guard;
[INFO ] 2018-05-06 23:02:40.240 [main] Database - DELETE FROM test_basketball.user_team;
[INFO ] 2018-05-06 23:02:40.279 [main] Database - DELETE FROM test_basketball.user_roles;
[INFO ] 2018-05-06 23:02:40.348 [main] Database - DELETE FROM test_basketball.users;
[INFO ] 2018-05-06 23:02:40.348 [main] Database - USE test_basketball;
[INFO ] 2018-05-06 23:02:40.348 [main] Database - LOCK TABLES `shooting_guard` WRITE;
[INFO ] 2018-05-06 23:02:40.355 [main] Database - ALTER TABLE `shooting_guard` DISABLE KEYS;
[INFO ] 2018-05-06 23:02:40.423 [main] Database - INSERT INTO `shooting_guard` VALUES(1,'James','Harden',2356,907,659,121,38,464),(2,'DeMar','DeRozan',2020,290,386,78,13,180);
[INFO ] 2018-05-06 23:02:40.423 [main] Database - ALTER TABLE `shooting_guard` ENABLE KEYS;
[INFO ] 2018-05-06 23:02:40.423 [main] Database - UNLOCK TABLES;
[INFO ] 2018-05-06 23:02:40.423 [main] Database - LOCK TABLES `point_guard` WRITE;
[INFO ] 2018-05-06 23:02:40.423 [main] Database - ALTER TABLE `point_guard` DISABLE KEYS;
[INFO ] 2018-05-06 23:02:40.471 [main] Database - INSERT INTO `point_guard` VALUES (1,'Russel','Westbrook',2558,840,864,132,31,438),(2,'Stephen','Curry',1999,524,353,142,17,239);
[INFO ] 2018-05-06 23:02:40.471 [main] Database - ALTER TABLE `point_guard` ENABLE KEYS;
[INFO ] 2018-05-06 23:02:40.471 [main] Database - UNLOCK TABLES;
[INFO ] 2018-05-06 23:02:40.471 [main] Database - LOCK TABLES `small_forward` WRITE;
[INFO ] 2018-05-06 23:02:40.471 [main] Database - ALTER TABLE `small_forward` DISABLE KEYS;
[INFO ] 2018-05-06 23:02:40.524 [main] Database - INSERT INTO `small_forward` VALUES (1,'Lebron','James',1954,646,639,92,44,303),(2,'Kawhi','Leonard',1376,260,430,133,55,154);
[INFO ] 2018-05-06 23:02:40.524 [main] Database - ALTER TABLE `small_forward` ENABLE KEYS;
[INFO ] 2018-05-06 23:02:40.524 [main] Database - UNLOCK TABLES;
[INFO ] 2018-05-06 23:02:40.524 [main] Database - LOCK TABLES `power_forward` WRITE;
[INFO ] 2018-05-06 23:02:40.524 [main] Database - ALTER TABLE `power_forward` DISABLE KEYS;
[INFO ] 2018-05-06 23:02:40.572 [main] Database - INSERT INTO `power_forward` VALUES (1,'Anthony','Davis',2099,157,884,94,167,181);
[INFO ] 2018-05-06 23:02:40.572 [main] Database - ALTER TABLE `power_forward` ENABLE KEYS;
[INFO ] 2018-05-06 23:02:40.648 [main] Database - UNLOCK TABLES;
[INFO ] 2018-05-06 23:02:40.648 [main] Database - LOCK TABLES `center` WRITE;
[INFO ] 2018-05-06 23:02:40.648 [main] Database - ALTER TABLE `center` DISABLE KEYS;
[INFO ] 2018-05-06 23:02:40.724 [main] Database - INSERT INTO `center` VALUES (1,'Karl','Anthony Towns',805,220,1007,56,103,212);
[INFO ] 2018-05-06 23:02:40.724 [main] Database - ALTER TABLE `center` ENABLE KEYS;
[INFO ] 2018-05-06 23:02:40.724 [main] Database - UNLOCK TABLES;
[INFO ] 2018-05-06 23:02:40.724 [main] Database - LOCK TABLES `user_roles` WRITE;
[INFO ] 2018-05-06 23:02:40.724 [main] Database - ALTER TABLE `user_roles` DISABLE KEYS;
[INFO ] 2018-05-06 23:02:40.772 [main] Database - INSERT INTO `user_roles` VALUES (1,'administrator', 1, 'admin'),(2,'administrator', 2, 'admin2'),(3,'user', 3, 'User');
[INFO ] 2018-05-06 23:02:40.772 [main] Database - ALTER TABLE `user_roles` ENABLE KEYS;
[INFO ] 2018-05-06 23:02:40.772 [main] Database - UNLOCK TABLES;
[INFO ] 2018-05-06 23:02:40.772 [main] Database - LOCK TABLES `user_team` WRITE;
[INFO ] 2018-05-06 23:02:40.772 [main] Database - ALTER TABLE `user_team` DISABLE KEYS;
[INFO ] 2018-05-06 23:02:40.814 [main] Database - INSERT INTO `user_team` VALUES (1,'Team One',1,1,1,1,1,1);
[INFO ] 2018-05-06 23:02:40.814 [main] Database - ALTER TABLE `user_team` ENABLE KEYS;
[INFO ] 2018-05-06 23:02:40.815 [main] Database - UNLOCK TABLES;
[INFO ] 2018-05-06 23:02:40.815 [main] Database - LOCK TABLES `users` WRITE;
[INFO ] 2018-05-06 23:02:40.816 [main] Database - ALTER TABLE `users` DISABLE KEYS;
[INFO ] 2018-05-06 23:02:40.849 [main] Database - INSERT INTO `users` VALUES (1,'admin','admin','John','Smith','smith@john.com'), (2,'admin2','admin2','Tim','Jim','Jim@Tim.com'),(3,'User','User','Beth','Seth','seth@beth.com');
[INFO ] 2018-05-06 23:02:40.849 [main] Database - ALTER TABLE `users` ENABLE KEYS;
[INFO ] 2018-05-06 23:02:40.849 [main] Database - UNLOCK TABLES;
[INFO ] 2018-05-06 23:02:40.849 [main] Database - SET FOREIGN_KEY_CHECKS = 1;
[INFO ] 2018-05-06 23:07:26.872 [main] Database - SET FOREIGN_KEY_CHECKS = 0;
[INFO ] 2018-05-06 23:07:26.972 [main] Database - DELETE FROM test_basketball.center;
[INFO ] 2018-05-06 23:07:27.039 [main] Database - DELETE FROM test_basketball.point_guard;
[INFO ] 2018-05-06 23:07:27.149 [main] Database - DELETE FROM test_basketball.power_forward;
[INFO ] 2018-05-06 23:07:27.237 [main] Database - DELETE FROM test_basketball.small_forward;
[INFO ] 2018-05-06 23:07:27.328 [main] Database - DELETE FROM test_basketball.shooting_guard;
[INFO ] 2018-05-06 23:07:27.487 [main] Database - DELETE FROM test_basketball.user_team;
[INFO ] 2018-05-06 23:07:27.560 [main] Database - DELETE FROM test_basketball.user_roles;
[INFO ] 2018-05-06 23:07:27.682 [main] Database - DELETE FROM test_basketball.users;
[INFO ] 2018-05-06 23:07:27.682 [main] Database - USE test_basketball;
[INFO ] 2018-05-06 23:07:27.682 [main] Database - LOCK TABLES `shooting_guard` WRITE;
[INFO ] 2018-05-06 23:07:27.690 [main] Database - ALTER TABLE `shooting_guard` DISABLE KEYS;
[INFO ] 2018-05-06 23:07:27.798 [main] Database - INSERT INTO `shooting_guard` VALUES(1,'James','Harden',2356,907,659,121,38,464),(2,'DeMar','DeRozan',2020,290,386,78,13,180);
[INFO ] 2018-05-06 23:07:27.798 [main] Database - ALTER TABLE `shooting_guard` ENABLE KEYS;
[INFO ] 2018-05-06 23:07:27.798 [main] Database - UNLOCK TABLES;
[INFO ] 2018-05-06 23:07:27.798 [main] Database - LOCK TABLES `point_guard` WRITE;
[INFO ] 2018-05-06 23:07:27.798 [main] Database - ALTER TABLE `point_guard` DISABLE KEYS;
[INFO ] 2018-05-06 23:07:27.891 [main] Database - INSERT INTO `point_guard` VALUES (1,'Russel','Westbrook',2558,840,864,132,31,438),(2,'Stephen','Curry',1999,524,353,142,17,239);
[INFO ] 2018-05-06 23:07:27.891 [main] Database - ALTER TABLE `point_guard` ENABLE KEYS;
[INFO ] 2018-05-06 23:07:27.891 [main] Database - UNLOCK TABLES;
[INFO ] 2018-05-06 23:07:27.899 [main] Database - LOCK TABLES `small_forward` WRITE;
[INFO ] 2018-05-06 23:07:27.899 [main] Database - ALTER TABLE `small_forward` DISABLE KEYS;
[INFO ] 2018-05-06 23:07:27.967 [main] Database - INSERT INTO `small_forward` VALUES (1,'Lebron','James',1954,646,639,92,44,303),(2,'Kawhi','Leonard',1376,260,430,133,55,154);
[INFO ] 2018-05-06 23:07:27.967 [main] Database - ALTER TABLE `small_forward` ENABLE KEYS;
[INFO ] 2018-05-06 23:07:27.967 [main] Database - UNLOCK TABLES;
[INFO ] 2018-05-06 23:07:27.967 [main] Database - LOCK TABLES `power_forward` WRITE;
[INFO ] 2018-05-06 23:07:27.967 [main] Database - ALTER TABLE `power_forward` DISABLE KEYS;
[INFO ] 2018-05-06 23:07:28.152 [main] Database - INSERT INTO `power_forward` VALUES (1,'Anthony','Davis',2099,157,884,94,167,181);
[INFO ] 2018-05-06 23:07:28.152 [main] Database - ALTER TABLE `power_forward` ENABLE KEYS;
[INFO ] 2018-05-06 23:07:28.152 [main] Database - UNLOCK TABLES;
[INFO ] 2018-05-06 23:07:28.152 [main] Database - LOCK TABLES `center` WRITE;
[INFO ] 2018-05-06 23:07:28.152 [main] Database - ALTER TABLE `center` DISABLE KEYS;
[INFO ] 2018-05-06 23:07:28.224 [main] Database - INSERT INTO `center` VALUES (1,'Karl','Anthony Towns',805,220,1007,56,103,212);
[INFO ] 2018-05-06 23:07:28.224 [main] Database - ALTER TABLE `center` ENABLE KEYS;
[INFO ] 2018-05-06 23:07:28.225 [main] Database - UNLOCK TABLES;
[INFO ] 2018-05-06 23:07:28.225 [main] Database - LOCK TABLES `user_roles` WRITE;
[INFO ] 2018-05-06 23:07:28.226 [main] Database - ALTER TABLE `user_roles` DISABLE KEYS;
[INFO ] 2018-05-06 23:07:28.318 [main] Database - INSERT INTO `user_roles` VALUES (1,'administrator', 1, 'admin'),(2,'administrator', 2, 'admin2'),(3,'user', 3, 'User');
[INFO ] 2018-05-06 23:07:28.318 [main] Database - ALTER TABLE `user_roles` ENABLE KEYS;
[INFO ] 2018-05-06 23:07:28.318 [main] Database - UNLOCK TABLES;
[INFO ] 2018-05-06 23:07:28.318 [main] Database - LOCK TABLES `user_team` WRITE;
[INFO ] 2018-05-06 23:07:28.318 [main] Database - ALTER TABLE `user_team` DISABLE KEYS;
[INFO ] 2018-05-06 23:07:28.462 [main] Database - INSERT INTO `user_team` VALUES (1,'Team One',1,1,1,1,1,1);
[INFO ] 2018-05-06 23:07:28.462 [main] Database - ALTER TABLE `user_team` ENABLE KEYS;
[INFO ] 2018-05-06 23:07:28.563 [main] Database - UNLOCK TABLES;
[INFO ] 2018-05-06 23:07:28.563 [main] Database - LOCK TABLES `users` WRITE;
[INFO ] 2018-05-06 23:07:28.563 [main] Database - ALTER TABLE `users` DISABLE KEYS;
[INFO ] 2018-05-06 23:07:28.647 [main] Database - INSERT INTO `users` VALUES (1,'admin','admin','John','Smith','smith@john.com'), (2,'admin2','admin2','Tim','Jim','Jim@Tim.com'),(3,'User','User','Beth','Seth','seth@beth.com');
[INFO ] 2018-05-06 23:07:28.647 [main] Database - ALTER TABLE `users` ENABLE KEYS;
[INFO ] 2018-05-06 23:07:28.647 [main] Database - UNLOCK TABLES;
[INFO ] 2018-05-06 23:07:28.647 [main] Database - SET FOREIGN_KEY_CHECKS = 1;
[INFO ] 2018-05-06 23:07:31.135 [main] UserDAOTest - Smith
[INFO ] 2018-05-06 23:07:31.173 [main] Database - SET FOREIGN_KEY_CHECKS = 0;
[INFO ] 2018-05-06 23:07:31.213 [main] Database - DELETE FROM test_basketball.center;
[INFO ] 2018-05-06 23:07:31.281 [main] Database - DELETE FROM test_basketball.point_guard;
[INFO ] 2018-05-06 23:07:31.350 [main] Database - DELETE FROM test_basketball.power_forward;
[INFO ] 2018-05-06 23:07:31.422 [main] Database - DELETE FROM test_basketball.small_forward;
[INFO ] 2018-05-06 23:07:31.450 [main] Database - DELETE FROM test_basketball.shooting_guard;
[INFO ] 2018-05-06 23:07:31.490 [main] Database - DELETE FROM test_basketball.user_team;
[INFO ] 2018-05-06 23:07:31.514 [main] Database - DELETE FROM test_basketball.user_roles;
[INFO ] 2018-05-06 23:07:31.542 [main] Database - DELETE FROM test_basketball.users;
[INFO ] 2018-05-06 23:07:31.542 [main] Database - USE test_basketball;
[INFO ] 2018-05-06 23:07:31.550 [main] Database - LOCK TABLES `shooting_guard` WRITE;
[INFO ] 2018-05-06 23:07:31.550 [main] Database - ALTER TABLE `shooting_guard` DISABLE KEYS;
[INFO ] 2018-05-06 23:07:31.582 [main] Database - INSERT INTO `shooting_guard` VALUES(1,'James','Harden',2356,907,659,121,38,464),(2,'DeMar','DeRozan',2020,290,386,78,13,180);
[INFO ] 2018-05-06 23:07:31.582 [main] Database - ALTER TABLE `shooting_guard` ENABLE KEYS;
[INFO ] 2018-05-06 23:07:31.582 [main] Database - UNLOCK TABLES;
[INFO ] 2018-05-06 23:07:31.582 [main] Database - LOCK TABLES `point_guard` WRITE;
[INFO ] 2018-05-06 23:07:31.582 [main] Database - ALTER TABLE `point_guard` DISABLE KEYS;
[INFO ] 2018-05-06 23:07:31.637 [main] Database - INSERT INTO `point_guard` VALUES (1,'Russel','Westbrook',2558,840,864,132,31,438),(2,'Stephen','Curry',1999,524,353,142,17,239);
[INFO ] 2018-05-06 23:07:31.638 [main] Database - ALTER TABLE `point_guard` ENABLE KEYS;
[INFO ] 2018-05-06 23:07:31.638 [main] Database - UNLOCK TABLES;
[INFO ] 2018-05-06 23:07:31.638 [main] Database - LOCK TABLES `small_forward` WRITE;
[INFO ] 2018-05-06 23:07:31.639 [main] Database - ALTER TABLE `small_forward` DISABLE KEYS;
[INFO ] 2018-05-06 23:07:31.674 [main] Database - INSERT INTO `small_forward` VALUES (1,'Lebron','James',1954,646,639,92,44,303),(2,'Kawhi','Leonard',1376,260,430,133,55,154);
[INFO ] 2018-05-06 23:07:31.674 [main] Database - ALTER TABLE `small_forward` ENABLE KEYS;
[INFO ] 2018-05-06 23:07:31.674 [main] Database - UNLOCK TABLES;
[INFO ] 2018-05-06 23:07:31.674 [main] Database - LOCK TABLES `power_forward` WRITE;
[INFO ] 2018-05-06 23:07:31.674 [main] Database - ALTER TABLE `power_forward` DISABLE KEYS;
[INFO ] 2018-05-06 23:07:31.697 [main] Database - INSERT INTO `power_forward` VALUES (1,'Anthony','Davis',2099,157,884,94,167,181);
[INFO ] 2018-05-06 23:07:31.697 [main] Database - ALTER TABLE `power_forward` ENABLE KEYS;
[INFO ] 2018-05-06 23:07:31.766 [main] Database - UNLOCK TABLES;
[INFO ] 2018-05-06 23:07:31.766 [main] Database - LOCK TABLES `center` WRITE;
[INFO ] 2018-05-06 23:07:31.766 [main] Database - ALTER TABLE `center` DISABLE KEYS;
[INFO ] 2018-05-06 23:07:31.833 [main] Database - INSERT INTO `center` VALUES (1,'Karl','Anthony Towns',805,220,1007,56,103,212);
[INFO ] 2018-05-06 23:07:31.834 [main] Database - ALTER TABLE `center` ENABLE KEYS;
[INFO ] 2018-05-06 23:07:31.834 [main] Database - UNLOCK TABLES;
[INFO ] 2018-05-06 23:07:31.834 [main] Database - LOCK TABLES `user_roles` WRITE;
[INFO ] 2018-05-06 23:07:31.835 [main] Database - ALTER TABLE `user_roles` DISABLE KEYS;
[INFO ] 2018-05-06 23:07:31.898 [main] Database - INSERT INTO `user_roles` VALUES (1,'administrator', 1, 'admin'),(2,'administrator', 2, 'admin2'),(3,'user', 3, 'User');
[INFO ] 2018-05-06 23:07:31.898 [main] Database - ALTER TABLE `user_roles` ENABLE KEYS;
[INFO ] 2018-05-06 23:07:31.898 [main] Database - UNLOCK TABLES;
[INFO ] 2018-05-06 23:07:31.906 [main] Database - LOCK TABLES `user_team` WRITE;
[INFO ] 2018-05-06 23:07:31.906 [main] Database - ALTER TABLE `user_team` DISABLE KEYS;
[INFO ] 2018-05-06 23:07:31.966 [main] Database - INSERT INTO `user_team` VALUES (1,'Team One',1,1,1,1,1,1);
[INFO ] 2018-05-06 23:07:31.966 [main] Database - ALTER TABLE `user_team` ENABLE KEYS;
[INFO ] 2018-05-06 23:07:31.966 [main] Database - UNLOCK TABLES;
[INFO ] 2018-05-06 23:07:31.966 [main] Database - LOCK TABLES `users` WRITE;
[INFO ] 2018-05-06 23:07:31.966 [main] Database - ALTER TABLE `users` DISABLE KEYS;
[INFO ] 2018-05-06 23:07:32.107 [main] Database - INSERT INTO `users` VALUES (1,'admin','admin','John','Smith','smith@john.com'), (2,'admin2','admin2','Tim','Jim','Jim@Tim.com'),(3,'User','User','Beth','Seth','seth@beth.com');
[INFO ] 2018-05-06 23:07:32.107 [main] Database - ALTER TABLE `users` ENABLE KEYS;
[INFO ] 2018-05-06 23:07:32.107 [main] Database - UNLOCK TABLES;
[INFO ] 2018-05-06 23:07:32.107 [main] Database - SET FOREIGN_KEY_CHECKS = 1;
[INFO ] 2018-05-06 23:11:39.434 [main] Database - SET FOREIGN_KEY_CHECKS = 0;
[INFO ] 2018-05-06 23:11:39.517 [main] Database - DELETE FROM test_basketball.center;
[INFO ] 2018-05-06 23:11:39.618 [main] Database - DELETE FROM test_basketball.point_guard;
[INFO ] 2018-05-06 23:11:39.742 [main] Database - DELETE FROM test_basketball.power_forward;
[INFO ] 2018-05-06 23:11:39.866 [main] Database - DELETE FROM test_basketball.small_forward;
[INFO ] 2018-05-06 23:11:39.990 [main] Database - DELETE FROM test_basketball.shooting_guard;
[INFO ] 2018-05-06 23:11:40.235 [main] Database - DELETE FROM test_basketball.user_team;
[INFO ] 2018-05-06 23:11:40.283 [main] Database - DELETE FROM test_basketball.user_roles;
[INFO ] 2018-05-06 23:11:40.811 [main] Database - DELETE FROM test_basketball.users;
[INFO ] 2018-05-06 23:11:40.811 [main] Database - USE test_basketball;
[INFO ] 2018-05-06 23:11:40.811 [main] Database - LOCK TABLES `shooting_guard` WRITE;
[INFO ] 2018-05-06 23:11:40.811 [main] Database - ALTER TABLE `shooting_guard` DISABLE KEYS;
[INFO ] 2018-05-06 23:11:41.027 [main] Database - INSERT INTO `shooting_guard` VALUES(1,'James','Harden',2356,907,659,121,38,464),(2,'DeMar','DeRozan',2020,290,386,78,13,180);
[INFO ] 2018-05-06 23:11:41.027 [main] Database - ALTER TABLE `shooting_guard` ENABLE KEYS;
[INFO ] 2018-05-06 23:11:41.051 [main] Database - UNLOCK TABLES;
[INFO ] 2018-05-06 23:11:41.059 [main] Database - LOCK TABLES `point_guard` WRITE;
[INFO ] 2018-05-06 23:11:41.059 [main] Database - ALTER TABLE `point_guard` DISABLE KEYS;
[INFO ] 2018-05-06 23:11:41.109 [main] Database - INSERT INTO `point_guard` VALUES (1,'Russel','Westbrook',2558,840,864,132,31,438),(2,'Stephen','Curry',1999,524,353,142,17,239);
[INFO ] 2018-05-06 23:11:41.109 [main] Database - ALTER TABLE `point_guard` ENABLE KEYS;
[INFO ] 2018-05-06 23:11:41.110 [main] Database - UNLOCK TABLES;
[INFO ] 2018-05-06 23:11:41.110 [main] Database - LOCK TABLES `small_forward` WRITE;
[INFO ] 2018-05-06 23:11:41.111 [main] Database - ALTER TABLE `small_forward` DISABLE KEYS;
[INFO ] 2018-05-06 23:11:41.135 [main] Database - INSERT INTO `small_forward` VALUES (1,'Lebron','James',1954,646,639,92,44,303),(2,'Kawhi','Leonard',1376,260,430,133,55,154);
[INFO ] 2018-05-06 23:11:41.135 [main] Database - ALTER TABLE `small_forward` ENABLE KEYS;
[INFO ] 2018-05-06 23:11:41.135 [main] Database - UNLOCK TABLES;
[INFO ] 2018-05-06 23:11:41.135 [main] Database - LOCK TABLES `power_forward` WRITE;
[INFO ] 2018-05-06 23:11:41.135 [main] Database - ALTER TABLE `power_forward` DISABLE KEYS;
[INFO ] 2018-05-06 23:11:41.175 [main] Database - INSERT INTO `power_forward` VALUES (1,'Anthony','Davis',2099,157,884,94,167,181);
[INFO ] 2018-05-06 23:11:41.175 [main] Database - ALTER TABLE `power_forward` ENABLE KEYS;
[INFO ] 2018-05-06 23:11:41.175 [main] Database - UNLOCK TABLES;
[INFO ] 2018-05-06 23:11:41.175 [main] Database - LOCK TABLES `center` WRITE;
[INFO ] 2018-05-06 23:11:41.175 [main] Database - ALTER TABLE `center` DISABLE KEYS;
[INFO ] 2018-05-06 23:11:41.204 [main] Database - INSERT INTO `center` VALUES (1,'Karl','Anthony Towns',805,220,1007,56,103,212);
[INFO ] 2018-05-06 23:11:41.204 [main] Database - ALTER TABLE `center` ENABLE KEYS;
[INFO ] 2018-05-06 23:11:41.205 [main] Database - UNLOCK TABLES;
[INFO ] 2018-05-06 23:11:41.205 [main] Database - LOCK TABLES `user_roles` WRITE;
[INFO ] 2018-05-06 23:11:41.206 [main] Database - ALTER TABLE `user_roles` DISABLE KEYS;
[INFO ] 2018-05-06 23:11:41.252 [main] Database - INSERT INTO `user_roles` VALUES (1,'administrator', 1, 'admin'),(2,'administrator', 2, 'admin2'),(3,'user', 3, 'User');
[INFO ] 2018-05-06 23:11:41.252 [main] Database - ALTER TABLE `user_roles` ENABLE KEYS;
[INFO ] 2018-05-06 23:11:41.252 [main] Database - UNLOCK TABLES;
[INFO ] 2018-05-06 23:11:41.252 [main] Database - LOCK TABLES `user_team` WRITE;
[INFO ] 2018-05-06 23:11:41.252 [main] Database - ALTER TABLE `user_team` DISABLE KEYS;
[INFO ] 2018-05-06 23:11:41.312 [main] Database - INSERT INTO `user_team` VALUES (1,'Team One',1,1,1,1,1,1);
[INFO ] 2018-05-06 23:11:41.312 [main] Database - ALTER TABLE `user_team` ENABLE KEYS;
[INFO ] 2018-05-06 23:11:41.403 [main] Database - UNLOCK TABLES;
[INFO ] 2018-05-06 23:11:41.403 [main] Database - LOCK TABLES `users` WRITE;
[INFO ] 2018-05-06 23:11:41.404 [main] Database - ALTER TABLE `users` DISABLE KEYS;
[INFO ] 2018-05-06 23:11:41.436 [main] Database - INSERT INTO `users` VALUES (1,'admin','admin','John','Smith','smith@john.com'), (2,'admin2','admin2','Tim','Jim','Jim@Tim.com'),(3,'User','User','Beth','Seth','seth@beth.com');
[INFO ] 2018-05-06 23:11:41.436 [main] Database - ALTER TABLE `users` ENABLE KEYS;
[INFO ] 2018-05-06 23:11:41.443 [main] Database - UNLOCK TABLES;
[INFO ] 2018-05-06 23:11:41.443 [main] Database - SET FOREIGN_KEY_CHECKS = 1;
[INFO ] 2018-05-06 23:11:45.437 [main] UserDAOTest - Findme
[INFO ] 2018-05-06 23:11:45.445 [main] Database - SET FOREIGN_KEY_CHECKS = 0;
[INFO ] 2018-05-06 23:11:45.513 [main] Database - DELETE FROM test_basketball.center;
[INFO ] 2018-05-06 23:11:45.553 [main] Database - DELETE FROM test_basketball.point_guard;
[INFO ] 2018-05-06 23:11:45.637 [main] Database - DELETE FROM test_basketball.power_forward;
[INFO ] 2018-05-06 23:11:45.689 [main] Database - DELETE FROM test_basketball.small_forward;
[INFO ] 2018-05-06 23:11:45.746 [main] Database - DELETE FROM test_basketball.shooting_guard;
[INFO ] 2018-05-06 23:11:45.822 [main] Database - DELETE FROM test_basketball.user_team;
[INFO ] 2018-05-06 23:11:45.878 [main] Database - DELETE FROM test_basketball.user_roles;
[INFO ] 2018-05-06 23:11:46.014 [main] Database - DELETE FROM test_basketball.users;
[INFO ] 2018-05-06 23:11:46.014 [main] Database - USE test_basketball;
[INFO ] 2018-05-06 23:11:46.014 [main] Database - LOCK TABLES `shooting_guard` WRITE;
[INFO ] 2018-05-06 23:11:46.022 [main] Database - ALTER TABLE `shooting_guard` DISABLE KEYS;
[INFO ] 2018-05-06 23:11:46.138 [main] Database - INSERT INTO `shooting_guard` VALUES(1,'James','Harden',2356,907,659,121,38,464),(2,'DeMar','DeRozan',2020,290,386,78,13,180);
[INFO ] 2018-05-06 23:11:46.138 [main] Database - ALTER TABLE `shooting_guard` ENABLE KEYS;
[INFO ] 2018-05-06 23:11:46.138 [main] Database - UNLOCK TABLES;
[INFO ] 2018-05-06 23:11:46.138 [main] Database - LOCK TABLES `point_guard` WRITE;
[INFO ] 2018-05-06 23:11:46.138 [main] Database - ALTER TABLE `point_guard` DISABLE KEYS;
[INFO ] 2018-05-06 23:11:46.247 [main] Database - INSERT INTO `point_guard` VALUES (1,'Russel','Westbrook',2558,840,864,132,31,438),(2,'Stephen','Curry',1999,524,353,142,17,239);
[INFO ] 2018-05-06 23:11:46.247 [main] Database - ALTER TABLE `point_guard` ENABLE KEYS;
[INFO ] 2018-05-06 23:11:46.247 [main] Database - UNLOCK TABLES;
[INFO ] 2018-05-06 23:11:46.247 [main] Database - LOCK TABLES `small_forward` WRITE;
[INFO ] 2018-05-06 23:11:46.247 [main] Database - ALTER TABLE `small_forward` DISABLE KEYS;
[INFO ] 2018-05-06 23:11:46.291 [main] Database - INSERT INTO `small_forward` VALUES (1,'Lebron','James',1954,646,639,92,44,303),(2,'Kawhi','Leonard',1376,260,430,133,55,154);
[INFO ] 2018-05-06 23:11:46.291 [main] Database - ALTER TABLE `small_forward` ENABLE KEYS;
[INFO ] 2018-05-06 23:11:46.291 [main] Database - UNLOCK TABLES;
[INFO ] 2018-05-06 23:11:46.299 [main] Database - LOCK TABLES `power_forward` WRITE;
[INFO ] 2018-05-06 23:11:46.299 [main] Database - ALTER TABLE `power_forward` DISABLE KEYS;
[INFO ] 2018-05-06 23:11:46.381 [main] Database - INSERT INTO `power_forward` VALUES (1,'Anthony','Davis',2099,157,884,94,167,181);
[INFO ] 2018-05-06 23:11:46.381 [main] Database - ALTER TABLE `power_forward` ENABLE KEYS;
[INFO ] 2018-05-06 23:11:46.480 [main] Database - UNLOCK TABLES;
[INFO ] 2018-05-06 23:11:46.481 [main] Database - LOCK TABLES `center` WRITE;
[INFO ] 2018-05-06 23:11:46.481 [main] Database - ALTER TABLE `center` DISABLE KEYS;
[INFO ] 2018-05-06 23:11:46.523 [main] Database - INSERT INTO `center` VALUES (1,'Karl','Anthony Towns',805,220,1007,56,103,212);
[INFO ] 2018-05-06 23:11:46.523 [main] Database - ALTER TABLE `center` ENABLE KEYS;
[INFO ] 2018-05-06 23:11:46.531 [main] Database - UNLOCK TABLES;
[INFO ] 2018-05-06 23:11:46.531 [main] Database - LOCK TABLES `user_roles` WRITE;
[INFO ] 2018-05-06 23:11:46.531 [main] Database - ALTER TABLE `user_roles` DISABLE KEYS;
[INFO ] 2018-05-06 23:11:46.580 [main] Database - INSERT INTO `user_roles` VALUES (1,'administrator', 1, 'admin'),(2,'administrator', 2, 'admin2'),(3,'user', 3, 'User');
[INFO ] 2018-05-06 23:11:46.580 [main] Database - ALTER TABLE `user_roles` ENABLE KEYS;
[INFO ] 2018-05-06 23:11:46.581 [main] Database - UNLOCK TABLES;
[INFO ] 2018-05-06 23:11:46.581 [main] Database - LOCK TABLES `user_team` WRITE;
[INFO ] 2018-05-06 23:11:46.581 [main] Database - ALTER TABLE `user_team` DISABLE KEYS;
[INFO ] 2018-05-06 23:11:46.639 [main] Database - INSERT INTO `user_team` VALUES (1,'Team One',1,1,1,1,1,1);
[INFO ] 2018-05-06 23:11:46.639 [main] Database - ALTER TABLE `user_team` ENABLE KEYS;
[INFO ] 2018-05-06 23:11:46.639 [main] Database - UNLOCK TABLES;
[INFO ] 2018-05-06 23:11:46.639 [main] Database - LOCK TABLES `users` WRITE;
[INFO ] 2018-05-06 23:11:46.671 [main] Database - ALTER TABLE `users` DISABLE KEYS;
[INFO ] 2018-05-06 23:11:46.740 [main] Database - INSERT INTO `users` VALUES (1,'admin','admin','John','Smith','smith@john.com'), (2,'admin2','admin2','Tim','Jim','Jim@Tim.com'),(3,'User','User','Beth','Seth','seth@beth.com');
[INFO ] 2018-05-06 23:11:46.740 [main] Database - ALTER TABLE `users` ENABLE KEYS;
[INFO ] 2018-05-06 23:11:46.748 [main] Database - UNLOCK TABLES;
[INFO ] 2018-05-06 23:11:46.748 [main] Database - SET FOREIGN_KEY_CHECKS = 1;
[INFO ] 2018-05-06 23:13:07.109 [main] Database - SET FOREIGN_KEY_CHECKS = 0;
[INFO ] 2018-05-06 23:13:07.756 [main] Database - DELETE FROM test_basketball.center;
[INFO ] 2018-05-06 23:13:07.925 [main] Database - DELETE FROM test_basketball.point_guard;
[INFO ] 2018-05-06 23:13:08.220 [main] Database - DELETE FROM test_basketball.power_forward;
[INFO ] 2018-05-06 23:13:08.325 [main] Database - DELETE FROM test_basketball.small_forward;
[INFO ] 2018-05-06 23:13:08.580 [main] Database - DELETE FROM test_basketball.shooting_guard;
[INFO ] 2018-05-06 23:13:08.729 [main] Database - DELETE FROM test_basketball.user_team;
[INFO ] 2018-05-06 23:13:08.764 [main] Database - DELETE FROM test_basketball.user_roles;
[INFO ] 2018-05-06 23:13:08.896 [main] Database - DELETE FROM test_basketball.users;
[INFO ] 2018-05-06 23:13:08.896 [main] Database - USE test_basketball;
[INFO ] 2018-05-06 23:13:08.896 [main] Database - LOCK TABLES `shooting_guard` WRITE;
[INFO ] 2018-05-06 23:13:08.896 [main] Database - ALTER TABLE `shooting_guard` DISABLE KEYS;
[INFO ] 2018-05-06 23:13:09.130 [main] Database - INSERT INTO `shooting_guard` VALUES(1,'James','Harden',2356,907,659,121,38,464),(2,'DeMar','DeRozan',2020,290,386,78,13,180);
[INFO ] 2018-05-06 23:13:09.131 [main] Database - ALTER TABLE `shooting_guard` ENABLE KEYS;
[INFO ] 2018-05-06 23:13:09.230 [main] Database - UNLOCK TABLES;
[INFO ] 2018-05-06 23:13:09.230 [main] Database - LOCK TABLES `point_guard` WRITE;
[INFO ] 2018-05-06 23:13:09.231 [main] Database - ALTER TABLE `point_guard` DISABLE KEYS;
[INFO ] 2018-05-06 23:13:09.372 [main] Database - INSERT INTO `point_guard` VALUES (1,'Russel','Westbrook',2558,840,864,132,31,438),(2,'Stephen','Curry',1999,524,353,142,17,239);
[INFO ] 2018-05-06 23:13:09.372 [main] Database - ALTER TABLE `point_guard` ENABLE KEYS;
[INFO ] 2018-05-06 23:13:09.372 [main] Database - UNLOCK TABLES;
[INFO ] 2018-05-06 23:13:09.372 [main] Database - LOCK TABLES `small_forward` WRITE;
[INFO ] 2018-05-06 23:13:09.372 [main] Database - ALTER TABLE `small_forward` DISABLE KEYS;
[INFO ] 2018-05-06 23:13:09.432 [main] Database - INSERT INTO `small_forward` VALUES (1,'Lebron','James',1954,646,639,92,44,303),(2,'Kawhi','Leonard',1376,260,430,133,55,154);
[INFO ] 2018-05-06 23:13:09.432 [main] Database - ALTER TABLE `small_forward` ENABLE KEYS;
[INFO ] 2018-05-06 23:13:09.432 [main] Database - UNLOCK TABLES;
[INFO ] 2018-05-06 23:13:09.432 [main] Database - LOCK TABLES `power_forward` WRITE;
[INFO ] 2018-05-06 23:13:09.432 [main] Database - ALTER TABLE `power_forward` DISABLE KEYS;
[INFO ] 2018-05-06 23:13:09.528 [main] Database - INSERT INTO `power_forward` VALUES (1,'Anthony','Davis',2099,157,884,94,167,181);
[INFO ] 2018-05-06 23:13:09.529 [main] Database - ALTER TABLE `power_forward` ENABLE KEYS;
[INFO ] 2018-05-06 23:13:09.529 [main] Database - UNLOCK TABLES;
[INFO ] 2018-05-06 23:13:09.530 [main] Database - LOCK TABLES `center` WRITE;
[INFO ] 2018-05-06 23:13:09.530 [main] Database - ALTER TABLE `center` DISABLE KEYS;
[INFO ] 2018-05-06 23:13:09.682 [main] Database - INSERT INTO `center` VALUES (1,'Karl','Anthony Towns',805,220,1007,56,103,212);
[INFO ] 2018-05-06 23:13:09.682 [main] Database - ALTER TABLE `center` ENABLE KEYS;
[INFO ] 2018-05-06 23:13:09.682 [main] Database - UNLOCK TABLES;
[INFO ] 2018-05-06 23:13:09.682 [main] Database - LOCK TABLES `user_roles` WRITE;
[INFO ] 2018-05-06 23:13:09.682 [main] Database - ALTER TABLE `user_roles` DISABLE KEYS;
[INFO ] 2018-05-06 23:13:09.881 [main] Database - INSERT INTO `user_roles` VALUES (1,'administrator', 1, 'admin'),(2,'administrator', 2, 'admin2'),(3,'user', 3, 'User');
[INFO ] 2018-05-06 23:13:09.881 [main] Database - ALTER TABLE `user_roles` ENABLE KEYS;
[INFO ] 2018-05-06 23:13:09.881 [main] Database - UNLOCK TABLES;
[INFO ] 2018-05-06 23:13:09.881 [main] Database - LOCK TABLES `user_team` WRITE;
[INFO ] 2018-05-06 23:13:09.881 [main] Database - ALTER TABLE `user_team` DISABLE KEYS;
[INFO ] 2018-05-06 23:13:09.973 [main] Database - INSERT INTO `user_team` VALUES (1,'Team One',1,1,1,1,1,1);
[INFO ] 2018-05-06 23:13:09.973 [main] Database - ALTER TABLE `user_team` ENABLE KEYS;
[INFO ] 2018-05-06 23:13:10.114 [main] Database - UNLOCK TABLES;
[INFO ] 2018-05-06 23:13:10.114 [main] Database - LOCK TABLES `users` WRITE;
[INFO ] 2018-05-06 23:13:10.114 [main] Database - ALTER TABLE `users` DISABLE KEYS;
[INFO ] 2018-05-06 23:13:10.174 [main] Database - INSERT INTO `users` VALUES (1,'admin','admin','John','Smith','smith@john.com'), (2,'admin2','admin2','Tim','Jim','Jim@Tim.com'),(3,'User','User','Beth','Seth','seth@beth.com');
[INFO ] 2018-05-06 23:13:10.174 [main] Database - ALTER TABLE `users` ENABLE KEYS;
[INFO ] 2018-05-06 23:13:10.174 [main] Database - UNLOCK TABLES;
[INFO ] 2018-05-06 23:13:10.174 [main] Database - SET FOREIGN_KEY_CHECKS = 1;
[INFO ] 2018-05-06 23:13:13.640 [main] Database - SET FOREIGN_KEY_CHECKS = 0;
[INFO ] 2018-05-06 23:13:13.713 [main] Database - DELETE FROM test_basketball.center;
[INFO ] 2018-05-06 23:13:13.765 [main] Database - DELETE FROM test_basketball.point_guard;
[INFO ] 2018-05-06 23:13:13.805 [main] Database - DELETE FROM test_basketball.power_forward;
[INFO ] 2018-05-06 23:13:13.830 [main] Database - DELETE FROM test_basketball.small_forward;
[INFO ] 2018-05-06 23:13:13.921 [main] Database - DELETE FROM test_basketball.shooting_guard;
[INFO ] 2018-05-06 23:13:13.998 [main] Database - DELETE FROM test_basketball.user_team;
[INFO ] 2018-05-06 23:13:14.047 [main] Database - DELETE FROM test_basketball.user_roles;
[INFO ] 2018-05-06 23:13:14.106 [main] Database - DELETE FROM test_basketball.users;
[INFO ] 2018-05-06 23:13:14.106 [main] Database - USE test_basketball;
[INFO ] 2018-05-06 23:13:14.106 [main] Database - LOCK TABLES `shooting_guard` WRITE;
[INFO ] 2018-05-06 23:13:14.106 [main] Database - ALTER TABLE `shooting_guard` DISABLE KEYS;
[INFO ] 2018-05-06 23:13:14.157 [main] Database - INSERT INTO `shooting_guard` VALUES(1,'James','Harden',2356,907,659,121,38,464),(2,'DeMar','DeRozan',2020,290,386,78,13,180);
[INFO ] 2018-05-06 23:13:14.157 [main] Database - ALTER TABLE `shooting_guard` ENABLE KEYS;
[INFO ] 2018-05-06 23:13:14.165 [main] Database - UNLOCK TABLES;
[INFO ] 2018-05-06 23:13:14.165 [main] Database - LOCK TABLES `point_guard` WRITE;
[INFO ] 2018-05-06 23:13:14.165 [main] Database - ALTER TABLE `point_guard` DISABLE KEYS;
[INFO ] 2018-05-06 23:13:14.222 [main] Database - INSERT INTO `point_guard` VALUES (1,'Russel','Westbrook',2558,840,864,132,31,438),(2,'Stephen','Curry',1999,524,353,142,17,239);
[INFO ] 2018-05-06 23:13:14.222 [main] Database - ALTER TABLE `point_guard` ENABLE KEYS;
[INFO ] 2018-05-06 23:13:14.222 [main] Database - UNLOCK TABLES;
[INFO ] 2018-05-06 23:13:14.222 [main] Database - LOCK TABLES `small_forward` WRITE;
[INFO ] 2018-05-06 23:13:14.222 [main] Database - ALTER TABLE `small_forward` DISABLE KEYS;
[INFO ] 2018-05-06 23:13:14.257 [main] Database - INSERT INTO `small_forward` VALUES (1,'Lebron','James',1954,646,639,92,44,303),(2,'Kawhi','Leonard',1376,260,430,133,55,154);
[INFO ] 2018-05-06 23:13:14.257 [main] Database - ALTER TABLE `small_forward` ENABLE KEYS;
[INFO ] 2018-05-06 23:13:14.257 [main] Database - UNLOCK TABLES;
[INFO ] 2018-05-06 23:13:14.265 [main] Database - LOCK TABLES `power_forward` WRITE;
[INFO ] 2018-05-06 23:13:14.265 [main] Database - ALTER TABLE `power_forward` DISABLE KEYS;
[INFO ] 2018-05-06 23:13:14.446 [main] Database - INSERT INTO `power_forward` VALUES (1,'Anthony','Davis',2099,157,884,94,167,181);
[INFO ] 2018-05-06 23:13:14.446 [main] Database - ALTER TABLE `power_forward` ENABLE KEYS;
[INFO ] 2018-05-06 23:13:14.531 [main] Database - UNLOCK TABLES;
[INFO ] 2018-05-06 23:13:14.531 [main] Database - LOCK TABLES `center` WRITE;
[INFO ] 2018-05-06 23:13:14.531 [main] Database - ALTER TABLE `center` DISABLE KEYS;
[INFO ] 2018-05-06 23:13:14.583 [main] Database - INSERT INTO `center` VALUES (1,'Karl','Anthony Towns',805,220,1007,56,103,212);
[INFO ] 2018-05-06 23:13:14.583 [main] Database - ALTER TABLE `center` ENABLE KEYS;
[INFO ] 2018-05-06 23:13:14.583 [main] Database - UNLOCK TABLES;
[INFO ] 2018-05-06 23:13:14.583 [main] Database - LOCK TABLES `user_roles` WRITE;
[INFO ] 2018-05-06 23:13:14.583 [main] Database - ALTER TABLE `user_roles` DISABLE KEYS;
[INFO ] 2018-05-06 23:13:14.630 [main] Database - INSERT INTO `user_roles` VALUES (1,'administrator', 1, 'admin'),(2,'administrator', 2, 'admin2'),(3,'user', 3, 'User');
[INFO ] 2018-05-06 23:13:14.630 [main] Database - ALTER TABLE `user_roles` ENABLE KEYS;
[INFO ] 2018-05-06 23:13:14.630 [main] Database - UNLOCK TABLES;
[INFO ] 2018-05-06 23:13:14.630 [main] Database - LOCK TABLES `user_team` WRITE;
[INFO ] 2018-05-06 23:13:14.630 [main] Database - ALTER TABLE `user_team` DISABLE KEYS;
[INFO ] 2018-05-06 23:13:14.667 [main] Database - INSERT INTO `user_team` VALUES (1,'Team One',1,1,1,1,1,1);
[INFO ] 2018-05-06 23:13:14.667 [main] Database - ALTER TABLE `user_team` ENABLE KEYS;
[INFO ] 2018-05-06 23:13:14.667 [main] Database - UNLOCK TABLES;
[INFO ] 2018-05-06 23:13:14.667 [main] Database - LOCK TABLES `users` WRITE;
[INFO ] 2018-05-06 23:13:14.675 [main] Database - ALTER TABLE `users` DISABLE KEYS;
[INFO ] 2018-05-06 23:13:14.707 [main] Database - INSERT INTO `users` VALUES (1,'admin','admin','John','Smith','smith@john.com'), (2,'admin2','admin2','Tim','Jim','Jim@Tim.com'),(3,'User','User','Beth','Seth','seth@beth.com');
[INFO ] 2018-05-06 23:13:14.707 [main] Database - ALTER TABLE `users` ENABLE KEYS;
[INFO ] 2018-05-06 23:13:14.707 [main] Database - UNLOCK TABLES;
[INFO ] 2018-05-06 23:13:14.707 [main] Database - SET FOREIGN_KEY_CHECKS = 1;
[INFO ] 2018-05-06 23:26:30.741 [main] Database - SET FOREIGN_KEY_CHECKS = 0;
[INFO ] 2018-05-06 23:26:30.891 [main] Database - DELETE FROM test_basketball.center;
[INFO ] 2018-05-06 23:26:30.959 [main] Database - DELETE FROM test_basketball.point_guard;
[INFO ] 2018-05-06 23:26:31.109 [main] Database - DELETE FROM test_basketball.power_forward;
[INFO ] 2018-05-06 23:26:31.165 [main] Database - DELETE FROM test_basketball.small_forward;
[INFO ] 2018-05-06 23:26:31.281 [main] Database - DELETE FROM test_basketball.shooting_guard;
[INFO ] 2018-05-06 23:26:31.400 [main] Database - DELETE FROM test_basketball.user_team;
[INFO ] 2018-05-06 23:26:31.425 [main] Database - DELETE FROM test_basketball.user_roles;
[INFO ] 2018-05-06 23:26:31.534 [main] Database - DELETE FROM test_basketball.users;
[INFO ] 2018-05-06 23:26:31.534 [main] Database - USE test_basketball;
[INFO ] 2018-05-06 23:26:31.534 [main] Database - LOCK TABLES `shooting_guard` WRITE;
[INFO ] 2018-05-06 23:26:31.534 [main] Database - ALTER TABLE `shooting_guard` DISABLE KEYS;
[INFO ] 2018-05-06 23:26:31.634 [main] Database - INSERT INTO `shooting_guard` VALUES(1,'James','Harden',2356,907,659,121,38,464),(2,'DeMar','DeRozan',2020,290,386,78,13,180);
[INFO ] 2018-05-06 23:26:31.634 [main] Database - ALTER TABLE `shooting_guard` ENABLE KEYS;
[INFO ] 2018-05-06 23:26:31.634 [main] Database - UNLOCK TABLES;
[INFO ] 2018-05-06 23:26:31.641 [main] Database - LOCK TABLES `point_guard` WRITE;
[INFO ] 2018-05-06 23:26:31.641 [main] Database - ALTER TABLE `point_guard` DISABLE KEYS;
[INFO ] 2018-05-06 23:26:31.666 [main] Database - INSERT INTO `point_guard` VALUES (1,'Russel','Westbrook',2558,840,864,132,31,438),(2,'Stephen','Curry',1999,524,353,142,17,239);
[INFO ] 2018-05-06 23:26:31.666 [main] Database - ALTER TABLE `point_guard` ENABLE KEYS;
[INFO ] 2018-05-06 23:26:31.666 [main] Database - UNLOCK TABLES;
[INFO ] 2018-05-06 23:26:31.666 [main] Database - LOCK TABLES `small_forward` WRITE;
[INFO ] 2018-05-06 23:26:31.666 [main] Database - ALTER TABLE `small_forward` DISABLE KEYS;
[INFO ] 2018-05-06 23:26:31.701 [main] Database - INSERT INTO `small_forward` VALUES (1,'Lebron','James',1954,646,639,92,44,303),(2,'Kawhi','Leonard',1376,260,430,133,55,154);
[INFO ] 2018-05-06 23:26:31.701 [main] Database - ALTER TABLE `small_forward` ENABLE KEYS;
[INFO ] 2018-05-06 23:26:31.701 [main] Database - UNLOCK TABLES;
[INFO ] 2018-05-06 23:26:31.701 [main] Database - LOCK TABLES `power_forward` WRITE;
[INFO ] 2018-05-06 23:26:31.701 [main] Database - ALTER TABLE `power_forward` DISABLE KEYS;
[INFO ] 2018-05-06 23:26:31.742 [main] Database - INSERT INTO `power_forward` VALUES (1,'Anthony','Davis',2099,157,884,94,167,181);
[INFO ] 2018-05-06 23:26:31.742 [main] Database - ALTER TABLE `power_forward` ENABLE KEYS;
[INFO ] 2018-05-06 23:26:31.742 [main] Database - UNLOCK TABLES;
[INFO ] 2018-05-06 23:26:31.742 [main] Database - LOCK TABLES `center` WRITE;
[INFO ] 2018-05-06 23:26:31.742 [main] Database - ALTER TABLE `center` DISABLE KEYS;
[INFO ] 2018-05-06 23:26:31.795 [main] Database - INSERT INTO `center` VALUES (1,'Karl','Anthony Towns',805,220,1007,56,103,212);
[INFO ] 2018-05-06 23:26:31.795 [main] Database - ALTER TABLE `center` ENABLE KEYS;
[INFO ] 2018-05-06 23:26:31.795 [main] Database - UNLOCK TABLES;
[INFO ] 2018-05-06 23:26:31.796 [main] Database - LOCK TABLES `user_roles` WRITE;
[INFO ] 2018-05-06 23:26:31.796 [main] Database - ALTER TABLE `user_roles` DISABLE KEYS;
[INFO ] 2018-05-06 23:26:31.850 [main] Database - INSERT INTO `user_roles` VALUES (1,'administrator', 1, 'admin'),(2,'administrator', 2, 'admin2'),(3,'user', 3, 'User');
[INFO ] 2018-05-06 23:26:31.850 [main] Database - ALTER TABLE `user_roles` ENABLE KEYS;
[INFO ] 2018-05-06 23:26:31.850 [main] Database - UNLOCK TABLES;
[INFO ] 2018-05-06 23:26:31.850 [main] Database - LOCK TABLES `user_team` WRITE;
[INFO ] 2018-05-06 23:26:31.850 [main] Database - ALTER TABLE `user_team` DISABLE KEYS;
[INFO ] 2018-05-06 23:26:31.982 [main] Database - INSERT INTO `user_team` VALUES (1,'Team One',1,1,1,1,1,1);
[INFO ] 2018-05-06 23:26:31.982 [main] Database - ALTER TABLE `user_team` ENABLE KEYS;
[INFO ] 2018-05-06 23:26:32.058 [main] Database - UNLOCK TABLES;
[INFO ] 2018-05-06 23:26:32.058 [main] Database - LOCK TABLES `users` WRITE;
[INFO ] 2018-05-06 23:26:32.058 [main] Database - ALTER TABLE `users` DISABLE KEYS;
[INFO ] 2018-05-06 23:26:32.118 [main] Database - INSERT INTO `users` VALUES (1,'admin','admin','John','Smith','smith@john.com'), (2,'admin2','admin2','Tim','Jim','Jim@Tim.com'),(3,'User','User','Beth','Seth','seth@beth.com');
[INFO ] 2018-05-06 23:26:32.118 [main] Database - ALTER TABLE `users` ENABLE KEYS;
[INFO ] 2018-05-06 23:26:32.118 [main] Database - UNLOCK TABLES;
[INFO ] 2018-05-06 23:26:32.118 [main] Database - SET FOREIGN_KEY_CHECKS = 1;
[INFO ] 2018-05-06 23:26:35.254 [main] Database - SET FOREIGN_KEY_CHECKS = 0;
[INFO ] 2018-05-06 23:26:35.306 [main] Database - DELETE FROM test_basketball.center;
[INFO ] 2018-05-06 23:26:35.346 [main] Database - DELETE FROM test_basketball.point_guard;
[INFO ] 2018-05-06 23:26:35.375 [main] Database - DELETE FROM test_basketball.power_forward;
[INFO ] 2018-05-06 23:26:35.416 [main] Database - DELETE FROM test_basketball.small_forward;
[INFO ] 2018-05-06 23:26:35.507 [main] Database - DELETE FROM test_basketball.shooting_guard;
[INFO ] 2018-05-06 23:26:35.576 [main] Database - DELETE FROM test_basketball.user_team;
[INFO ] 2018-05-06 23:26:35.632 [main] Database - DELETE FROM test_basketball.user_roles;
[INFO ] 2018-05-06 23:26:35.660 [main] Database - DELETE FROM test_basketball.users;
[INFO ] 2018-05-06 23:26:35.660 [main] Database - USE test_basketball;
[INFO ] 2018-05-06 23:26:35.661 [main] Database - LOCK TABLES `shooting_guard` WRITE;
[INFO ] 2018-05-06 23:26:35.661 [main] Database - ALTER TABLE `shooting_guard` DISABLE KEYS;
[INFO ] 2018-05-06 23:26:35.692 [main] Database - INSERT INTO `shooting_guard` VALUES(1,'James','Harden',2356,907,659,121,38,464),(2,'DeMar','DeRozan',2020,290,386,78,13,180);
[INFO ] 2018-05-06 23:26:35.692 [main] Database - ALTER TABLE `shooting_guard` ENABLE KEYS;
[INFO ] 2018-05-06 23:26:35.692 [main] Database - UNLOCK TABLES;
[INFO ] 2018-05-06 23:26:35.700 [main] Database - LOCK TABLES `point_guard` WRITE;
[INFO ] 2018-05-06 23:26:35.700 [main] Database - ALTER TABLE `point_guard` DISABLE KEYS;
[INFO ] 2018-05-06 23:26:35.732 [main] Database - INSERT INTO `point_guard` VALUES (1,'Russel','Westbrook',2558,840,864,132,31,438),(2,'Stephen','Curry',1999,524,353,142,17,239);
[INFO ] 2018-05-06 23:26:35.732 [main] Database - ALTER TABLE `point_guard` ENABLE KEYS;
[INFO ] 2018-05-06 23:26:35.732 [main] Database - UNLOCK TABLES;
[INFO ] 2018-05-06 23:26:35.732 [main] Database - LOCK TABLES `small_forward` WRITE;
[INFO ] 2018-05-06 23:26:35.732 [main] Database - ALTER TABLE `small_forward` DISABLE KEYS;
[INFO ] 2018-05-06 23:26:35.784 [main] Database - INSERT INTO `small_forward` VALUES (1,'Lebron','James',1954,646,639,92,44,303),(2,'Kawhi','Leonard',1376,260,430,133,55,154);
[INFO ] 2018-05-06 23:26:35.784 [main] Database - ALTER TABLE `small_forward` ENABLE KEYS;
[INFO ] 2018-05-06 23:26:35.784 [main] Database - UNLOCK TABLES;
[INFO ] 2018-05-06 23:26:35.784 [main] Database - LOCK TABLES `power_forward` WRITE;
[INFO ] 2018-05-06 23:26:35.784 [main] Database - ALTER TABLE `power_forward` DISABLE KEYS;
[INFO ] 2018-05-06 23:26:35.832 [main] Database - INSERT INTO `power_forward` VALUES (1,'Anthony','Davis',2099,157,884,94,167,181);
[INFO ] 2018-05-06 23:26:35.832 [main] Database - ALTER TABLE `power_forward` ENABLE KEYS;
[INFO ] 2018-05-06 23:26:35.900 [main] Database - UNLOCK TABLES;
[INFO ] 2018-05-06 23:26:35.900 [main] Database - LOCK TABLES `center` WRITE;
[INFO ] 2018-05-06 23:26:35.900 [main] Database - ALTER TABLE `center` DISABLE KEYS;
[INFO ] 2018-05-06 23:26:35.985 [main] Database - INSERT INTO `center` VALUES (1,'Karl','Anthony Towns',805,220,1007,56,103,212);
[INFO ] 2018-05-06 23:26:35.985 [main] Database - ALTER TABLE `center` ENABLE KEYS;
[INFO ] 2018-05-06 23:26:35.985 [main] Database - UNLOCK TABLES;
[INFO ] 2018-05-06 23:26:35.985 [main] Database - LOCK TABLES `user_roles` WRITE;
[INFO ] 2018-05-06 23:26:35.985 [main] Database - ALTER TABLE `user_roles` DISABLE KEYS;
[INFO ] 2018-05-06 23:26:36.058 [main] Database - INSERT INTO `user_roles` VALUES (1,'administrator', 1, 'admin'),(2,'administrator', 2, 'admin2'),(3,'user', 3, 'User');
[INFO ] 2018-05-06 23:26:36.059 [main] Database - ALTER TABLE `user_roles` ENABLE KEYS;
[INFO ] 2018-05-06 23:26:36.059 [main] Database - UNLOCK TABLES;
[INFO ] 2018-05-06 23:26:36.059 [main] Database - LOCK TABLES `user_team` WRITE;
[INFO ] 2018-05-06 23:26:36.060 [main] Database - ALTER TABLE `user_team` DISABLE KEYS;
[INFO ] 2018-05-06 23:26:36.133 [main] Database - INSERT INTO `user_team` VALUES (1,'Team One',1,1,1,1,1,1);
[INFO ] 2018-05-06 23:26:36.133 [main] Database - ALTER TABLE `user_team` ENABLE KEYS;
[INFO ] 2018-05-06 23:26:36.133 [main] Database - UNLOCK TABLES;
[INFO ] 2018-05-06 23:26:36.133 [main] Database - LOCK TABLES `users` WRITE;
[INFO ] 2018-05-06 23:26:36.133 [main] Database - ALTER TABLE `users` DISABLE KEYS;
[INFO ] 2018-05-06 23:26:36.185 [main] Database - INSERT INTO `users` VALUES (1,'admin','admin','John','Smith','smith@john.com'), (2,'admin2','admin2','Tim','Jim','Jim@Tim.com'),(3,'User','User','Beth','Seth','seth@beth.com');
[INFO ] 2018-05-06 23:26:36.185 [main] Database - ALTER TABLE `users` ENABLE KEYS;
[INFO ] 2018-05-06 23:26:36.185 [main] Database - UNLOCK TABLES;
[INFO ] 2018-05-06 23:26:36.185 [main] Database - SET FOREIGN_KEY_CHECKS = 1;
[DEBUG] 2018-05-06 23:28:49.430 [http-nio-8080-exec-8] GenericDAO - Searching for user with userName = admin
[INFO ] 2018-05-06 23:28:50.908 [http-nio-8080-exec-8] ViewUser - User{userName ='admin', userPass ='admin', first name ='John', last name ='Smith', email ='smith@john.com'}
[INFO ] 2018-05-06 23:28:50.908 [http-nio-8080-exec-8] ViewUser - null
[DEBUG] 2018-05-06 23:28:50.908 [http-nio-8080-exec-8] GenericDAO - Searching for Object: class matc.madjava.entity.Team with user = User{userName ='admin', userPass ='admin', first name ='John', last name ='Smith', email ='smith@john.com'}
[DEBUG] 2018-05-06 23:32:37.653 [http-nio-8080-exec-5] GenericDAO - The list of entity type [Player{playerID='1', firstName='Russel', lastName='Westbrook'}, Player{playerID='2', firstName='Stephen', lastName='Curry'}]
[DEBUG] 2018-05-06 23:32:37.709 [http-nio-8080-exec-5] GenericDAO - The list of entity type [Player{playerID='1', firstName='James', lastName='Harden'}, Player{playerID='2', firstName='DeMar', lastName='DeRozan'}]
[DEBUG] 2018-05-06 23:32:37.753 [http-nio-8080-exec-5] GenericDAO - The list of entity type [Player{playerID='1', firstName='Lebron', lastName='James'}, Player{playerID='2', firstName='Kawhi', lastName='Leonard'}]
[DEBUG] 2018-05-06 23:32:37.893 [http-nio-8080-exec-5] GenericDAO - The list of entity type [Player{playerID='1', firstName='Anthony', lastName='Davis'}]
[DEBUG] 2018-05-06 23:32:37.933 [http-nio-8080-exec-5] GenericDAO - The list of entity type [Player{playerID='1', firstName='Karl', lastName='Anthony Towns'}]
[DEBUG] 2018-05-06 23:32:57.072 [http-nio-8080-exec-3] GenericDAO - Searching for user with userName = admin
[DEBUG] 2018-05-06 23:33:16.527 [http-nio-8080-exec-4] GenericDAO - Searching for user with userName = admin
[DEBUG] 2018-05-06 23:33:23.039 [http-nio-8080-exec-6] GenericDAO - Searching for user with userName = admin
[INFO ] 2018-05-06 23:33:23.139 [http-nio-8080-exec-6] ViewUser - User{userName ='admin', userPass ='admin', first name ='John', last name ='Smith', email ='smith@john.com'}
[INFO ] 2018-05-06 23:33:23.139 [http-nio-8080-exec-6] ViewUser - null
[DEBUG] 2018-05-06 23:33:23.139 [http-nio-8080-exec-6] GenericDAO - Searching for Object: class matc.madjava.entity.Team with user = User{userName ='admin', userPass ='admin', first name ='John', last name ='Smith', email ='smith@john.com'}
[DEBUG] 2018-05-06 23:36:10.396 [http-nio-8080-exec-6] GenericDAO - Searching for user with userName = admin
[INFO ] 2018-05-06 23:36:11.169 [http-nio-8080-exec-6] ViewUser - User{userName ='admin', userPass ='admin', first name ='John', last name ='Smith', email ='smith@john.com'}
[INFO ] 2018-05-06 23:36:11.169 [http-nio-8080-exec-6] ViewUser - null
[DEBUG] 2018-05-06 23:36:11.170 [http-nio-8080-exec-6] GenericDAO - Searching for Object: class matc.madjava.entity.Team with user = User{userName ='admin', userPass ='admin', first name ='John', last name ='Smith', email ='smith@john.com'}
[DEBUG] 2018-05-06 23:36:11.243 [http-nio-8080-exec-8] GenericDAO - Searching for user with userName = admin
[INFO ] 2018-05-06 23:36:11.363 [http-nio-8080-exec-8] ViewUser - User{userName ='admin', userPass ='admin', first name ='John', last name ='Smith', email ='smith@john.com'}
[INFO ] 2018-05-06 23:36:11.363 [http-nio-8080-exec-8] ViewUser - null
[DEBUG] 2018-05-06 23:36:11.363 [http-nio-8080-exec-8] GenericDAO - Searching for Object: class matc.madjava.entity.Team with user = User{userName ='admin', userPass ='admin', first name ='John', last name ='Smith', email ='smith@john.com'}
[DEBUG] 2018-05-06 23:36:21.022 [http-nio-8080-exec-6] GenericDAO - Searching for user with userName = admin
[DEBUG] 2018-05-06 23:46:05.966 [http-nio-8080-exec-10] GenericDAO - Searching for user with userName = admin
[INFO ] 2018-05-06 23:46:07.083 [http-nio-8080-exec-10] ViewUser - User{userName ='admin', userPass ='admin', first name ='John', last name ='Smith', email ='smith@john.com'}
[INFO ] 2018-05-06 23:46:07.083 [http-nio-8080-exec-10] ViewUser - null
[DEBUG] 2018-05-06 23:46:07.083 [http-nio-8080-exec-10] GenericDAO - Searching for Object: class matc.madjava.entity.Team with user = User{userName ='admin', userPass ='admin', first name ='John', last name ='Smith', email ='smith@john.com'}
[DEBUG] 2018-05-06 23:46:07.148 [http-nio-8080-exec-2] GenericDAO - Searching for user with userName = admin
[INFO ] 2018-05-06 23:46:07.273 [http-nio-8080-exec-2] ViewUser - User{userName ='admin', userPass ='admin', first name ='John', last name ='Smith', email ='smith@john.com'}
[INFO ] 2018-05-06 23:46:07.273 [http-nio-8080-exec-2] ViewUser - null
[DEBUG] 2018-05-06 23:46:07.274 [http-nio-8080-exec-2] GenericDAO - Searching for Object: class matc.madjava.entity.Team with user = User{userName ='admin', userPass ='admin', first name ='John', last name ='Smith', email ='smith@john.com'}
[DEBUG] 2018-05-06 23:46:18.835 [http-nio-8080-exec-1] GenericDAO - Searching for user with userName = admin
[INFO ] 2018-05-06 23:46:18.888 [http-nio-8080-exec-1] updateUser - User{userName ='admin', userPass ='admin', first name ='John', last name ='Smith', email ='smith@john.com'}
[INFO ] 2018-05-06 23:46:18.888 [http-nio-8080-exec-1] updateUser - NewUsernameAdmin
[DEBUG] 2018-05-06 23:51:21.588 [http-nio-8080-exec-9] GenericDAO - Searching for user with userName = admin
[INFO ] 2018-05-06 23:51:22.294 [http-nio-8080-exec-9] ViewUser - User{userName ='admin', userPass ='admin', first name ='John', last name ='Smith', email ='smith@john.com'}
[INFO ] 2018-05-06 23:51:22.294 [http-nio-8080-exec-9] ViewUser - null
[DEBUG] 2018-05-06 23:51:22.294 [http-nio-8080-exec-9] GenericDAO - Searching for Object: class matc.madjava.entity.Team with user = User{userName ='admin', userPass ='admin', first name ='John', last name ='Smith', email ='smith@john.com'}
[DEBUG] 2018-05-06 23:51:28.633 [http-nio-8080-exec-8] GenericDAO - Searching for user with userName = admin
[INFO ] 2018-05-06 23:51:28.699 [http-nio-8080-exec-8] updateUser - User{userName ='admin', userPass ='admin', first name ='John', last name ='Smith', email ='smith@john.com'}
[INFO ] 2018-05-06 23:51:28.699 [http-nio-8080-exec-8] updateUser - NewUsernameAdmin
[DEBUG] 2018-05-06 23:51:56.244 [http-nio-8080-exec-7] GenericDAO - Searching for user with userName = admin
[INFO ] 2018-05-06 23:51:56.296 [http-nio-8080-exec-7] updateUser - User{userName ='admin', userPass ='admin', first name ='John', last name ='Smith', email ='smith@john.com'}
[INFO ] 2018-05-06 23:51:56.296 [http-nio-8080-exec-7] updateUser - NewAdmin
[DEBUG] 2018-05-07 00:05:27.798 [http-nio-8080-exec-3] GenericDAO - Searching for class matc.madjava.entity.User with userName = admin
[DEBUG] 2018-05-07 00:05:28.203 [http-nio-8080-exec-3] GenericDAO - Searching for class matc.madjava.entity.User with email = newadmin@admin
[INFO ] 2018-05-07 00:05:29.694 [http-nio-8080-exec-3] Signup - admin added, redirecting to index
[DEBUG] 2018-05-07 00:18:22.271 [http-nio-8080-exec-9] GenericDAO - Searching for user with userName = admin
[DEBUG] 2018-05-07 00:18:23.433 [http-nio-8080-exec-1] GenericDAO - Searching for user with userName = admin
[DEBUG] 2018-05-07 00:19:13.381 [http-nio-8080-exec-4] GenericDAO - Searching for user with userName = admin
[DEBUG] 2018-05-07 00:23:55.465 [http-nio-8080-exec-7] GenericDAO - Searching for user with userName = admin
[INFO ] 2018-05-07 00:23:56.425 [http-nio-8080-exec-7] ViewUser - User{userName ='admin', userPass ='admin', first name ='John', last name ='Smith', email ='smith@john.com'}
[INFO ] 2018-05-07 00:23:56.425 [http-nio-8080-exec-7] ViewUser - null
[DEBUG] 2018-05-07 00:23:56.425 [http-nio-8080-exec-7] GenericDAO - Searching for Object: class matc.madjava.entity.Team with user = User{userName ='admin', userPass ='admin', first name ='John', last name ='Smith', email ='smith@john.com'}
[DEBUG] 2018-05-07 00:24:04.147 [http-nio-8080-exec-4] GenericDAO - Searching for user with userName = admin
[DEBUG] 2018-05-07 00:24:04.223 [http-nio-8080-exec-4] GenericDAO - Searching for user with userName = admin
[INFO ] 2018-05-07 00:24:04.399 [http-nio-8080-exec-4] updateUser - User{userName ='admin', userPass ='admin', first name ='John', last name ='Smith', email ='smith@john.com'}
[INFO ] 2018-05-07 00:24:04.399 [http-nio-8080-exec-4] updateUser - NewAdmin
[DEBUG] 2018-05-07 00:25:35.789 [http-nio-8080-exec-5] GenericDAO - Searching for user with userName = admin
[DEBUG] 2018-05-07 00:25:42.629 [http-nio-8080-exec-6] GenericDAO - Searching for user with userName = admin
[DEBUG] 2018-05-07 00:25:50.981 [http-nio-8080-exec-7] GenericDAO - Searching for user with userName = admin
[DEBUG] 2018-05-07 00:26:35.750 [http-nio-8080-exec-10] GenericDAO - Searching for user with userName = admin
[DEBUG] 2018-05-07 00:27:10.147 [http-nio-8080-exec-8] GenericDAO - Searching for user with userName = admin
[DEBUG] 2018-05-07 00:31:30.801 [http-nio-8080-exec-4] GenericDAO - Searching for user with userName = admin
[INFO ] 2018-05-07 00:31:31.430 [http-nio-8080-exec-4] ViewUser - User{userName ='admin', userPass ='admin', first name ='John', last name ='Smith', email ='smith@john.com'}
[INFO ] 2018-05-07 00:31:31.430 [http-nio-8080-exec-4] ViewUser - null
[DEBUG] 2018-05-07 00:31:31.431 [http-nio-8080-exec-4] GenericDAO - Searching for Object: class matc.madjava.entity.Team with user = User{userName ='admin', userPass ='admin', first name ='John', last name ='Smith', email ='smith@john.com'}
[DEBUG] 2018-05-07 00:31:41.647 [http-nio-8080-exec-1] GenericDAO - Searching for user with userName = admin
[DEBUG] 2018-05-07 00:31:41.687 [http-nio-8080-exec-1] GenericDAO - Searching for user with userName = admin
[INFO ] 2018-05-07 00:31:41.828 [http-nio-8080-exec-1] updateUser - User{userName ='admin', userPass ='admin', first name ='John', last name ='Smith', email ='smith@john.com'}
[INFO ] 2018-05-07 00:31:41.828 [http-nio-8080-exec-1] updateUser - NewAdmin
[DEBUG] 2018-05-07 00:34:38.598 [http-nio-8080-exec-5] GenericDAO - Searching for user with userName = admin
[INFO ] 2018-05-07 00:34:39.219 [http-nio-8080-exec-5] ViewUser - User{userName ='admin', userPass ='admin', first name ='John', last name ='Smith', email ='smith@john.com'}
[INFO ] 2018-05-07 00:34:39.220 [http-nio-8080-exec-5] ViewUser - null
[DEBUG] 2018-05-07 00:34:39.220 [http-nio-8080-exec-5] GenericDAO - Searching for Object: class matc.madjava.entity.Team with user = User{userName ='admin', userPass ='admin', first name ='John', last name ='Smith', email ='smith@john.com'}
[DEBUG] 2018-05-07 00:34:52.622 [http-nio-8080-exec-2] GenericDAO - Searching for user with userName = admin
[DEBUG] 2018-05-07 00:34:52.662 [http-nio-8080-exec-2] GenericDAO - Searching for user with userName = admin
[INFO ] 2018-05-07 00:34:52.715 [http-nio-8080-exec-2] updateUser - User{userName ='admin', userPass ='admin', first name ='John', last name ='Smith', email ='smith@john.com'}
[INFO ] 2018-05-07 00:34:52.715 [http-nio-8080-exec-2] updateUser - NewAdmin
[DEBUG] 2018-05-07 00:40:16.960 [http-nio-8080-exec-6] GenericDAO - Searching for user with userName = admin
[INFO ] 2018-05-07 00:40:17.951 [http-nio-8080-exec-6] ViewUser - User{userName ='admin', userPass ='admin', first name ='John', last name ='Smith', email ='smith@john.com'}
[INFO ] 2018-05-07 00:40:17.951 [http-nio-8080-exec-6] ViewUser - null
[DEBUG] 2018-05-07 00:40:17.952 [http-nio-8080-exec-6] GenericDAO - Searching for Object: class matc.madjava.entity.Team with user = User{userName ='admin', userPass ='admin', first name ='John', last name ='Smith', email ='smith@john.com'}
[DEBUG] 2018-05-07 00:40:40.422 [http-nio-8080-exec-5] GenericDAO - Searching for user with userName = admin
[DEBUG] 2018-05-07 00:40:40.454 [http-nio-8080-exec-5] GenericDAO - Searching for user with userName = admin
[INFO ] 2018-05-07 00:40:40.498 [http-nio-8080-exec-5] updateUser - User{userName ='admin', userPass ='admin', first name ='John', last name ='Smith', email ='smith@john.com'}
[INFO ] 2018-05-07 00:40:40.498 [http-nio-8080-exec-5] updateUser - NewName
[DEBUG] 2018-05-07 00:40:50.042 [http-nio-8080-exec-2] GenericDAO - Searching for user with userName = admin
[DEBUG] 2018-05-07 00:40:50.074 [http-nio-8080-exec-2] GenericDAO - Searching for user with userName = admin
[INFO ] 2018-05-07 00:40:50.102 [http-nio-8080-exec-2] updateUser - User{userName ='admin', userPass ='admin', first name ='NewName', last name ='Smith', email ='smith@john.com'}
[INFO ] 2018-05-07 00:40:50.102 [http-nio-8080-exec-2] updateUser - newpass
[DEBUG] 2018-05-07 00:41:08.979 [http-nio-8080-exec-6] GenericDAO - Searching for user with userName = admin
[DEBUG] 2018-05-07 00:41:09.003 [http-nio-8080-exec-6] GenericDAO - Searching for user with userName = admin
[INFO ] 2018-05-07 00:41:09.043 [http-nio-8080-exec-6] updateUser - User{userName ='admin', userPass ='admin', first name ='NewName', last name ='Smith', email ='smith@john.com'}
[INFO ] 2018-05-07 00:41:09.043 [http-nio-8080-exec-6] updateUser - newpass
[DEBUG] 2018-05-07 00:41:36.095 [http-nio-8080-exec-5] GenericDAO - Searching for user with userName = admin
[DEBUG] 2018-05-07 00:41:36.116 [http-nio-8080-exec-5] GenericDAO - Searching for user with userName = admin
[INFO ] 2018-05-07 00:41:36.139 [http-nio-8080-exec-5] updateUser - User{userName ='admin', userPass ='admin', first name ='newpass', last name ='Smith', email ='smith@john.com'}
[INFO ] 2018-05-07 00:41:36.139 [http-nio-8080-exec-5] updateUser - newpass
[DEBUG] 2018-05-07 00:41:54.656 [http-nio-8080-exec-9] GenericDAO - Searching for user with userName = admin
[DEBUG] 2018-05-07 00:41:54.688 [http-nio-8080-exec-9] GenericDAO - Searching for user with userName = admin
[INFO ] 2018-05-07 00:41:54.720 [http-nio-8080-exec-9] updateUser - User{userName ='admin', userPass ='newpass', first name ='newpass', last name ='Smith', email ='smith@john.com'}
[INFO ] 2018-05-07 00:41:54.720 [http-nio-8080-exec-9] updateUser - Joe
[DEBUG] 2018-05-07 00:46:13.478 [http-nio-8080-exec-8] GenericDAO - Searching for user with userName = admin
[INFO ] 2018-05-07 00:46:14.130 [http-nio-8080-exec-8] ViewUser - User{userName ='admin', userPass ='newpass', first name ='Joe', last name ='Smith', email ='smith@john.com'}
[INFO ] 2018-05-07 00:46:14.130 [http-nio-8080-exec-8] ViewUser - null
[DEBUG] 2018-05-07 00:46:14.130 [http-nio-8080-exec-8] GenericDAO - Searching for Object: class matc.madjava.entity.Team with user = User{userName ='admin', userPass ='newpass', first name ='Joe', last name ='Smith', email ='smith@john.com'}
[DEBUG] 2018-05-07 00:46:26.811 [http-nio-8080-exec-5] GenericDAO - Searching for user with userName = admin
[DEBUG] 2018-05-07 00:46:26.849 [http-nio-8080-exec-5] GenericDAO - Searching for user with userName = admin
[INFO ] 2018-05-07 00:46:26.887 [http-nio-8080-exec-5] updateUser - User{userName ='admin', userPass ='newpass', first name ='Joe', last name ='Smith', email ='smith@john.com'}
[INFO ] 2018-05-07 00:46:26.887 [http-nio-8080-exec-5] updateUser - admin
[DEBUG] 2018-05-07 00:49:58.367 [http-nio-8080-exec-7] GenericDAO - Searching for user with userName = admin
[INFO ] 2018-05-07 00:49:59.393 [http-nio-8080-exec-7] ViewUser - User{userName ='admin', userPass ='admin', first name ='Joe', last name ='Smith', email ='smith@john.com'}
[INFO ] 2018-05-07 00:49:59.393 [http-nio-8080-exec-7] ViewUser - null
[DEBUG] 2018-05-07 00:49:59.393 [http-nio-8080-exec-7] GenericDAO - Searching for Object: class matc.madjava.entity.Team with user = User{userName ='admin', userPass ='admin', first name ='Joe', last name ='Smith', email ='smith@john.com'}
[DEBUG] 2018-05-07 00:49:59.768 [http-nio-8080-exec-9] GenericDAO - Searching for user with userName = admin
[INFO ] 2018-05-07 00:49:59.908 [http-nio-8080-exec-9] ViewUser - User{userName ='admin', userPass ='admin', first name ='Joe', last name ='Smith', email ='smith@john.com'}
[INFO ] 2018-05-07 00:49:59.908 [http-nio-8080-exec-9] ViewUser - null
[DEBUG] 2018-05-07 00:49:59.909 [http-nio-8080-exec-9] GenericDAO - Searching for Object: class matc.madjava.entity.Team with user = User{userName ='admin', userPass ='admin', first name ='Joe', last name ='Smith', email ='smith@john.com'}
[DEBUG] 2018-05-07 00:50:07.772 [http-nio-8080-exec-6] GenericDAO - Searching for user with userName = admin
[DEBUG] 2018-05-07 00:50:07.812 [http-nio-8080-exec-6] GenericDAO - Searching for user with userName = admin
[INFO ] 2018-05-07 00:50:07.844 [http-nio-8080-exec-6] updateUser - User{userName ='admin', userPass ='admin', first name ='Joe', last name ='Smith', email ='smith@john.com'}
[INFO ] 2018-05-07 00:50:07.844 [http-nio-8080-exec-6] updateUser - newName
[DEBUG] 2018-05-07 00:52:29.777 [http-nio-8080-exec-8] GenericDAO - Searching for user with userName = admin
[INFO ] 2018-05-07 00:52:30.493 [http-nio-8080-exec-8] ViewUser - User{userName ='admin', userPass ='admin', first name ='newName', last name ='Smith', email ='smith@john.com'}
[INFO ] 2018-05-07 00:52:30.493 [http-nio-8080-exec-8] ViewUser - null
[DEBUG] 2018-05-07 00:52:30.494 [http-nio-8080-exec-8] GenericDAO - Searching for Object: class matc.madjava.entity.Team with user = User{userName ='admin', userPass ='admin', first name ='newName', last name ='Smith', email ='smith@john.com'}
[DEBUG] 2018-05-07 00:52:31.161 [http-nio-8080-exec-8] GenericDAO - Searching for user with userName = admin
[INFO ] 2018-05-07 00:52:31.234 [http-nio-8080-exec-8] ViewUser - User{userName ='admin', userPass ='admin', first name ='newName', last name ='Smith', email ='smith@john.com'}
[INFO ] 2018-05-07 00:52:31.234 [http-nio-8080-exec-8] ViewUser - null
[DEBUG] 2018-05-07 00:52:31.235 [http-nio-8080-exec-8] GenericDAO - Searching for Object: class matc.madjava.entity.Team with user = User{userName ='admin', userPass ='admin', first name ='newName', last name ='Smith', email ='smith@john.com'}
[DEBUG] 2018-05-07 00:52:49.934 [http-nio-8080-exec-9] GenericDAO - Searching for user with userName = admin
[DEBUG] 2018-05-07 00:52:49.967 [http-nio-8080-exec-9] GenericDAO - Searching for user with userName = admin
[INFO ] 2018-05-07 00:52:50.005 [http-nio-8080-exec-9] updateUser - User{userName ='admin', userPass ='admin', first name ='newName', last name ='Smith', email ='smith@john.com'}
[INFO ] 2018-05-07 00:52:50.006 [http-nio-8080-exec-9] updateUser - Johnny
[DEBUG] 2018-05-07 00:53:01.006 [http-nio-8080-exec-8] GenericDAO - Searching for user with userName = admin
[INFO ] 2018-05-07 00:53:01.892 [http-nio-8080-exec-8] ViewUser - User{userName ='admin', userPass ='admin', first name ='Johnny', last name ='Smith', email ='smith@john.com'}
[INFO ] 2018-05-07 00:53:01.892 [http-nio-8080-exec-8] ViewUser - null
[DEBUG] 2018-05-07 00:53:01.892 [http-nio-8080-exec-8] GenericDAO - Searching for Object: class matc.madjava.entity.Team with user = User{userName ='admin', userPass ='admin', first name ='Johnny', last name ='Smith', email ='smith@john.com'}
[DEBUG] 2018-05-07 00:55:41.536 [http-nio-8080-exec-2] GenericDAO - Searching for user with userName = admin
[INFO ] 2018-05-07 00:55:42.482 [http-nio-8080-exec-2] ViewUser - User{userName ='admin', userPass ='admin', first name ='Johnny', last name ='Smith', email ='smith@john.com'}
[INFO ] 2018-05-07 00:55:42.482 [http-nio-8080-exec-2] ViewUser - null
[DEBUG] 2018-05-07 00:55:42.483 [http-nio-8080-exec-2] GenericDAO - Searching for Object: class matc.madjava.entity.Team with user = User{userName ='admin', userPass ='admin', first name ='Johnny', last name ='Smith', email ='smith@john.com'}
[DEBUG] 2018-05-07 00:59:00.534 [http-nio-8080-exec-9] GenericDAO - Searching for user with userName = admin
[INFO ] 2018-05-07 00:59:02.259 [http-nio-8080-exec-9] ViewUser - User{userName ='admin', userPass ='admin', first name ='Johnny', last name ='Smith', email ='smith@john.com'}
[INFO ] 2018-05-07 00:59:02.259 [http-nio-8080-exec-9] ViewUser - null
[DEBUG] 2018-05-07 00:59:02.260 [http-nio-8080-exec-9] GenericDAO - Searching for Object: class matc.madjava.entity.Team with user = User{userName ='admin', userPass ='admin', first name ='Johnny', last name ='Smith', email ='smith@john.com'}
[DEBUG] 2018-05-07 01:01:08.645 [http-nio-8080-exec-7] GenericDAO - Searching for user with userName = admin
[INFO ] 2018-05-07 01:01:09.558 [http-nio-8080-exec-7] ViewUser - User{userName ='admin', userPass ='admin', first name ='Johnny', last name ='Smith', email ='smith@john.com'}
[INFO ] 2018-05-07 01:01:09.558 [http-nio-8080-exec-7] ViewUser - null
[DEBUG] 2018-05-07 01:01:09.559 [http-nio-8080-exec-7] GenericDAO - Searching for Object: class matc.madjava.entity.Team with user = User{userName ='admin', userPass ='admin', first name ='Johnny', last name ='Smith', email ='smith@john.com'}
